#
# There is insufficient memory for the Java Runtime Environment to continue.
# Native memory allocation (mmap) failed to map 65536 bytes for Failed to commit metaspace.
# Possible reasons:
#   The system is out of physical RAM or swap space
#   The process is running with CompressedOops enabled, and the Java Heap may be blocking the growth of the native heap
# Possible solutions:
#   Reduce memory load on the system
#   Increase physical memory or swap space
#   Check if swap backing store is full
#   Decrease Java heap size (-Xmx/-Xms)
#   Decrease number of Java threads
#   Decrease Java thread stack sizes (-Xss)
#   Set larger code cache with -XX:ReservedCodeCacheSize=
#   JVM is running with Zero Based Compressed Oops mode in which the Java heap is
#     placed in the first 32GB address space. The Java Heap base address is the
#     maximum limit for the native heap growth. Please use -XX:HeapBaseMinAddress
#     to set the Java Heap base and to place the Java Heap above 32GB virtual address.
# This output file may be truncated or incomplete.
#
#  Out of Memory Error (virtualSpaceNode.cpp:110), pid=27016, tid=37744
#
# JRE version: OpenJDK Runtime Environment JBR-17.0.9+7-1087.9-jcef (17.0.9+7) (build 17.0.9+7-b1087.9)
# Java VM: OpenJDK 64-Bit Server VM JBR-17.0.9+7-1087.9-jcef (17.0.9+7-b1087.9, mixed mode, tiered, compressed oops, compressed class ptrs, g1 gc, windows-amd64)
# No core dump will be written. Minidumps are not enabled by default on client versions of Windows
#

---------------  S U M M A R Y ------------

Command Line: git4idea.http.GitAskPassApp Password for 'https://adnanelhayani@github.com': 

Host: Intel(R) Core(TM) i7-8550U CPU @ 1.80GHz, 8 cores, 15G,  Windows 11 , 64 bit Build 22621 (10.0.22621.2506)
Time: Tue Jan 23 19:37:17 2024 Maroc elapsed time: 1.086611 seconds (0d 0h 0m 1s)

---------------  T H R E A D  ---------------

Current thread (0x000002613962e7a0):  JavaThread "main" [_thread_in_vm, id=37744, stack(0x000000f02e800000,0x000000f02e900000)]

Stack: [0x000000f02e800000,0x000000f02e900000]
Native frames: (J=compiled Java code, j=interpreted, Vv=VM code, C=native code)
V  [jvm.dll+0x688349]
V  [jvm.dll+0x841bfa]
V  [jvm.dll+0x84383e]
V  [jvm.dll+0x843ea3]
V  [jvm.dll+0x24bdef]
V  [jvm.dll+0x83cbdb]
V  [jvm.dll+0x62c746]
V  [jvm.dll+0x1c2eee]
V  [jvm.dll+0x62f0a1]
V  [jvm.dll+0x62d0e6]
V  [jvm.dll+0x636fd7]
V  [jvm.dll+0x1ef0cb]
V  [jvm.dll+0x1ef605]
V  [jvm.dll+0x1effa5]
V  [jvm.dll+0x1e543c]
V  [jvm.dll+0x54de4c]
V  [jvm.dll+0x1f5feb]
V  [jvm.dll+0x7ba30b]
V  [jvm.dll+0x7bb77c]
V  [jvm.dll+0x7bbac8]
V  [jvm.dll+0x24384e]
V  [jvm.dll+0x387f4e]
C  0x00000261442eb704

The last pc belongs to new (printed below).
Java frames: (J=compiled Java code, j=interpreted, Vv=VM code)
j  java.lang.String.format(Ljava/lang/String;[Ljava/lang/Object;)Ljava/lang/String;+0 java.base@17.0.9
j  externalApp.ExternalAppUtil.sendIdeRequest(Ljava/lang/String;ILjava/lang/String;Ljava/lang/String;)LexternalApp/ExternalAppUtil$Result;+113
j  git4idea.http.GitAskPassApp.main([Ljava/lang/String;)V+37
v  ~StubRoutines::call_stub
new  187 new  [0x00000261442eb560, 0x00000261442eb780]  544 bytes
[MachCode]
  0x00000261442eb560: 4883 ec08 | c5fa 1104 | 24eb 1f48 | 83ec 10c5 | fb11 0424 | eb14 4883 | ec10 4889 | 0424 48c7 
  0x00000261442eb580: 4424 0800 | 0000 00eb | 0150 410f | b755 010f | cac1 ea10 | 488b 4de8 | 488b 4908 | 488b 4908 
  0x00000261442eb5a0: 488b 4108 | 807c 1004 | 070f 85df | 0000 0066 | 8b54 d148 | 488b 4928 | 488b 4cd1 | 0851 80b9 
  0x00000261442eb5c0: 5b01 0000 | 040f 85c2 | 0000 008b | 5108 f7c2 | 0100 0000 | 0f85 b300 | 0000 498b | 8708 0100 
  0x00000261442eb5e0: 0048 8d1c | 1049 3b9f | 1801 0000 | 0f87 9b00 | 0000 4989 | 9f08 0100 | 00e9 0000 | 0000 4883 
  0x00000261442eb600: ea10 0f84 | 0f00 0000 | 33c9 c1ea | 0348 894c | d008 48ff | ca75 f648 | c700 0100 | 0000 5933 
  0x00000261442eb620: f689 700c | 49ba 0000 | 0000 0800 | 0000 492b | ca89 4808 | 49ba 3e29 | 2c4b f87f | 0000 4180 
  0x00000261442eb640: 3a00 0f84 | 4000 0000 | 5048 8bc8 | 4883 ec20 | f7c4 0f00 | 0000 0f84 | 1a00 0000 | 4883 ec08 
  0x00000261442eb660: 49ba d0ea | e14a f87f | 0000 41ff | d248 83c4 | 08e9 0d00 | 0000 49ba | d0ea e14a | f87f 0000 
  0x00000261442eb680: 41ff d248 | 83c4 2058 | e9cd 0000 | 0059 488b | 55e8 488b | 5208 488b | 5208 450f | b745 0141 
  0x00000261442eb6a0: 0fc8 41c1 | e810 e805 | 0000 00e9 | aa00 0000 | 488d 4424 | 084c 896d | c049 8bcf | c5f8 7749 
  0x00000261442eb6c0: 89af a802 | 0000 4989 | 8798 0200 | 0048 83ec | 20f7 c40f | 0000 000f | 841a 0000 | 0048 83ec 
  0x00000261442eb6e0: 0849 ba00 | 7fab 4af8 | 7f00 0041 | ffd2 4883 | c408 e90d | 0000 0049 | ba00 7fab | 4af8 7f00 
  0x00000261442eb700: 0041 ffd2 | 4883 c420 | 49c7 8798 | 0200 0000 | 0000 0049 | c787 a802 | 0000 0000 | 0000 49c7 
  0x00000261442eb720: 87a0 0200 | 0000 0000 | 00c5 f877 | 4981 7f08 | 0000 0000 | 0f84 0500 | 0000 e9c1 | 57fe ff49 
  0x00000261442eb740: 8b87 f002 | 0000 49c7 | 87f0 0200 | 0000 0000 | 004c 8b6d | c04c 8b75 | c8c3 410f | b65d 0349 
  0x00000261442eb760: 83c5 0349 | ba40 8f2e | 4bf8 7f00 | 0041 ff24 | da0f 1f80 | 0000 0000 | 0000 0000 | 0000 0000 
[/MachCode]

---------------  P R O C E S S  ---------------

Threads class SMR info:
_java_thread_list=0x000002615d26eaa0, length=13, elements={
0x000002613962e7a0, 0x0000026158395260, 0x00000261583960e0, 0x00000261583c4130,
0x00000261583c6c00, 0x00000261583c75c0, 0x00000261583c7f80, 0x00000261583c8c70,
0x00000261583c9670, 0x00000261583d7590, 0x0000026158538c00, 0x000002615854d800,
0x000002615d226d50
}

Java Threads: ( => current thread )
=>0x000002613962e7a0 JavaThread "main" [_thread_in_vm, id=37744, stack(0x000000f02e800000,0x000000f02e900000)]
  0x0000026158395260 JavaThread "Reference Handler" daemon [_thread_blocked, id=33756, stack(0x000000f02ef00000,0x000000f02f000000)]
  0x00000261583960e0 JavaThread "Finalizer" daemon [_thread_blocked, id=33588, stack(0x000000f02f000000,0x000000f02f100000)]
  0x00000261583c4130 JavaThread "Signal Dispatcher" daemon [_thread_blocked, id=35376, stack(0x000000f02f100000,0x000000f02f200000)]
  0x00000261583c6c00 JavaThread "Attach Listener" daemon [_thread_blocked, id=6232, stack(0x000000f02f200000,0x000000f02f300000)]
  0x00000261583c75c0 JavaThread "Service Thread" daemon [_thread_blocked, id=33236, stack(0x000000f02f300000,0x000000f02f400000)]
  0x00000261583c7f80 JavaThread "Monitor Deflation Thread" daemon [_thread_blocked, id=38220, stack(0x000000f02f400000,0x000000f02f500000)]
  0x00000261583c8c70 JavaThread "C2 CompilerThread0" daemon [_thread_blocked, id=36580, stack(0x000000f02f500000,0x000000f02f600000)]
  0x00000261583c9670 JavaThread "C1 CompilerThread0" daemon [_thread_blocked, id=32700, stack(0x000000f02f600000,0x000000f02f700000)]
  0x00000261583d7590 JavaThread "Sweeper thread" daemon [_thread_blocked, id=4808, stack(0x000000f02f700000,0x000000f02f800000)]
  0x0000026158538c00 JavaThread "Notification Thread" daemon [_thread_blocked, id=25560, stack(0x000000f02f800000,0x000000f02f900000)]
  0x000002615854d800 JavaThread "Common-Cleaner" daemon [_thread_blocked, id=8664, stack(0x000000f02fa00000,0x000000f02fb00000)]
  0x000002615d226d50 JavaThread "HttpClient-1-SelectorManager" daemon [_thread_in_native, id=27540, stack(0x000000f02fb00000,0x000000f02fc00000)]

Other Threads:
  0x0000026158373a50 VMThread "VM Thread" [stack: 0x000000f02ee00000,0x000000f02ef00000] [id=36512]
  0x00000261585394f0 WatcherThread [stack: 0x000000f02f900000,0x000000f02fa00000] [id=34672]
  0x000002613969a330 GCTaskThread "GC Thread#0" [stack: 0x000000f02e900000,0x000000f02ea00000] [id=30208]
  0x00000261396ab010 ConcurrentGCThread "G1 Main Marker" [stack: 0x000000f02ea00000,0x000000f02eb00000] [id=33500]
  0x00000261396aba30 ConcurrentGCThread "G1 Conc#0" [stack: 0x000000f02eb00000,0x000000f02ec00000] [id=38784]
  0x00000261580aa5e0 ConcurrentGCThread "G1 Refine#0" [stack: 0x000000f02ec00000,0x000000f02ed00000] [id=30036]
  0x00000261580abe30 ConcurrentGCThread "G1 Service" [stack: 0x000000f02ed00000,0x000000f02ee00000] [id=36524]

Threads with active compile tasks:

VM state: not at safepoint (normal execution)

VM Mutex/Monitor currently owned by a thread:  ([mutex/lock_event])
[0x0000026139627a40] Metaspace_lock - owner thread: 0x000002613962e7a0

Heap address: 0x0000000702600000, size: 4058 MB, Compressed Oops mode: Zero based, Oop shift amount: 3

CDS archive(s) not mapped
Compressed class space mapped at: 0x0000000800000000-0x0000000840000000, reserved size: 1073741824
Narrow klass base: 0x0000000800000000, Narrow klass shift: 0, Narrow klass range: 0x40000000

GC Precious Log:
 CPUs: 8 total, 8 available
 Memory: 16227M
 Large Page Support: Disabled
 NUMA Support: Disabled
 Compressed Oops: Enabled (Zero based)
 Heap Region Size: 2M
 Heap Min Capacity: 8M
 Heap Initial Capacity: 254M
 Heap Max Capacity: 4058M
 Pre-touch: Disabled
 Parallel Workers: 8
 Concurrent Workers: 2
 Concurrent Refinement Workers: 8
 Periodic GC: Disabled

Heap:
 garbage-first heap   total 260096K, used 6144K [0x0000000702600000, 0x0000000800000000)
  region size 2048K, 4 young (8192K), 0 survivors (0K)
 Metaspace       used 12672K, committed 12736K, reserved 1114112K
  class space    used 1243K, committed 1280K, reserved 1048576K

Heap Regions: E=young(eden), S=young(survivor), O=old, HS=humongous(starts), HC=humongous(continues), CS=collection set, F=free, OA=open archive, CA=closed archive, TAMS=top-at-mark-start (previous, next)
|   0|0x0000000702600000, 0x0000000702600000, 0x0000000702800000|  0%| F|  |TAMS 0x0000000702600000, 0x0000000702600000| Untracked 
|   1|0x0000000702800000, 0x0000000702800000, 0x0000000702a00000|  0%| F|  |TAMS 0x0000000702800000, 0x0000000702800000| Untracked 
|   2|0x0000000702a00000, 0x0000000702a00000, 0x0000000702c00000|  0%| F|  |TAMS 0x0000000702a00000, 0x0000000702a00000| Untracked 
|   3|0x0000000702c00000, 0x0000000702c00000, 0x0000000702e00000|  0%| F|  |TAMS 0x0000000702c00000, 0x0000000702c00000| Untracked 
|   4|0x0000000702e00000, 0x0000000702e00000, 0x0000000703000000|  0%| F|  |TAMS 0x0000000702e00000, 0x0000000702e00000| Untracked 
|   5|0x0000000703000000, 0x0000000703000000, 0x0000000703200000|  0%| F|  |TAMS 0x0000000703000000, 0x0000000703000000| Untracked 
|   6|0x0000000703200000, 0x0000000703200000, 0x0000000703400000|  0%| F|  |TAMS 0x0000000703200000, 0x0000000703200000| Untracked 
|   7|0x0000000703400000, 0x0000000703400000, 0x0000000703600000|  0%| F|  |TAMS 0x0000000703400000, 0x0000000703400000| Untracked 
|   8|0x0000000703600000, 0x0000000703600000, 0x0000000703800000|  0%| F|  |TAMS 0x0000000703600000, 0x0000000703600000| Untracked 
|   9|0x0000000703800000, 0x0000000703800000, 0x0000000703a00000|  0%| F|  |TAMS 0x0000000703800000, 0x0000000703800000| Untracked 
|  10|0x0000000703a00000, 0x0000000703a00000, 0x0000000703c00000|  0%| F|  |TAMS 0x0000000703a00000, 0x0000000703a00000| Untracked 
|  11|0x0000000703c00000, 0x0000000703c00000, 0x0000000703e00000|  0%| F|  |TAMS 0x0000000703c00000, 0x0000000703c00000| Untracked 
|  12|0x0000000703e00000, 0x0000000703e00000, 0x0000000704000000|  0%| F|  |TAMS 0x0000000703e00000, 0x0000000703e00000| Untracked 
|  13|0x0000000704000000, 0x0000000704000000, 0x0000000704200000|  0%| F|  |TAMS 0x0000000704000000, 0x0000000704000000| Untracked 
|  14|0x0000000704200000, 0x0000000704200000, 0x0000000704400000|  0%| F|  |TAMS 0x0000000704200000, 0x0000000704200000| Untracked 
|  15|0x0000000704400000, 0x0000000704400000, 0x0000000704600000|  0%| F|  |TAMS 0x0000000704400000, 0x0000000704400000| Untracked 
|  16|0x0000000704600000, 0x0000000704600000, 0x0000000704800000|  0%| F|  |TAMS 0x0000000704600000, 0x0000000704600000| Untracked 
|  17|0x0000000704800000, 0x0000000704800000, 0x0000000704a00000|  0%| F|  |TAMS 0x0000000704800000, 0x0000000704800000| Untracked 
|  18|0x0000000704a00000, 0x0000000704a00000, 0x0000000704c00000|  0%| F|  |TAMS 0x0000000704a00000, 0x0000000704a00000| Untracked 
|  19|0x0000000704c00000, 0x0000000704c00000, 0x0000000704e00000|  0%| F|  |TAMS 0x0000000704c00000, 0x0000000704c00000| Untracked 
|  20|0x0000000704e00000, 0x0000000704e00000, 0x0000000705000000|  0%| F|  |TAMS 0x0000000704e00000, 0x0000000704e00000| Untracked 
|  21|0x0000000705000000, 0x0000000705000000, 0x0000000705200000|  0%| F|  |TAMS 0x0000000705000000, 0x0000000705000000| Untracked 
|  22|0x0000000705200000, 0x0000000705200000, 0x0000000705400000|  0%| F|  |TAMS 0x0000000705200000, 0x0000000705200000| Untracked 
|  23|0x0000000705400000, 0x0000000705400000, 0x0000000705600000|  0%| F|  |TAMS 0x0000000705400000, 0x0000000705400000| Untracked 
|  24|0x0000000705600000, 0x0000000705600000, 0x0000000705800000|  0%| F|  |TAMS 0x0000000705600000, 0x0000000705600000| Untracked 
|  25|0x0000000705800000, 0x0000000705800000, 0x0000000705a00000|  0%| F|  |TAMS 0x0000000705800000, 0x0000000705800000| Untracked 
|  26|0x0000000705a00000, 0x0000000705a00000, 0x0000000705c00000|  0%| F|  |TAMS 0x0000000705a00000, 0x0000000705a00000| Untracked 
|  27|0x0000000705c00000, 0x0000000705c00000, 0x0000000705e00000|  0%| F|  |TAMS 0x0000000705c00000, 0x0000000705c00000| Untracked 
|  28|0x0000000705e00000, 0x0000000705e00000, 0x0000000706000000|  0%| F|  |TAMS 0x0000000705e00000, 0x0000000705e00000| Untracked 
|  29|0x0000000706000000, 0x0000000706000000, 0x0000000706200000|  0%| F|  |TAMS 0x0000000706000000, 0x0000000706000000| Untracked 
|  30|0x0000000706200000, 0x0000000706200000, 0x0000000706400000|  0%| F|  |TAMS 0x0000000706200000, 0x0000000706200000| Untracked 
|  31|0x0000000706400000, 0x0000000706400000, 0x0000000706600000|  0%| F|  |TAMS 0x0000000706400000, 0x0000000706400000| Untracked 
|  32|0x0000000706600000, 0x0000000706600000, 0x0000000706800000|  0%| F|  |TAMS 0x0000000706600000, 0x0000000706600000| Untracked 
|  33|0x0000000706800000, 0x0000000706800000, 0x0000000706a00000|  0%| F|  |TAMS 0x0000000706800000, 0x0000000706800000| Untracked 
|  34|0x0000000706a00000, 0x0000000706a00000, 0x0000000706c00000|  0%| F|  |TAMS 0x0000000706a00000, 0x0000000706a00000| Untracked 
|  35|0x0000000706c00000, 0x0000000706c00000, 0x0000000706e00000|  0%| F|  |TAMS 0x0000000706c00000, 0x0000000706c00000| Untracked 
|  36|0x0000000706e00000, 0x0000000706e00000, 0x0000000707000000|  0%| F|  |TAMS 0x0000000706e00000, 0x0000000706e00000| Untracked 
|  37|0x0000000707000000, 0x0000000707000000, 0x0000000707200000|  0%| F|  |TAMS 0x0000000707000000, 0x0000000707000000| Untracked 
|  38|0x0000000707200000, 0x0000000707200000, 0x0000000707400000|  0%| F|  |TAMS 0x0000000707200000, 0x0000000707200000| Untracked 
|  39|0x0000000707400000, 0x0000000707400000, 0x0000000707600000|  0%| F|  |TAMS 0x0000000707400000, 0x0000000707400000| Untracked 
|  40|0x0000000707600000, 0x0000000707600000, 0x0000000707800000|  0%| F|  |TAMS 0x0000000707600000, 0x0000000707600000| Untracked 
|  41|0x0000000707800000, 0x0000000707800000, 0x0000000707a00000|  0%| F|  |TAMS 0x0000000707800000, 0x0000000707800000| Untracked 
|  42|0x0000000707a00000, 0x0000000707a00000, 0x0000000707c00000|  0%| F|  |TAMS 0x0000000707a00000, 0x0000000707a00000| Untracked 
|  43|0x0000000707c00000, 0x0000000707c00000, 0x0000000707e00000|  0%| F|  |TAMS 0x0000000707c00000, 0x0000000707c00000| Untracked 
|  44|0x0000000707e00000, 0x0000000707e00000, 0x0000000708000000|  0%| F|  |TAMS 0x0000000707e00000, 0x0000000707e00000| Untracked 
|  45|0x0000000708000000, 0x0000000708000000, 0x0000000708200000|  0%| F|  |TAMS 0x0000000708000000, 0x0000000708000000| Untracked 
|  46|0x0000000708200000, 0x0000000708200000, 0x0000000708400000|  0%| F|  |TAMS 0x0000000708200000, 0x0000000708200000| Untracked 
|  47|0x0000000708400000, 0x0000000708400000, 0x0000000708600000|  0%| F|  |TAMS 0x0000000708400000, 0x0000000708400000| Untracked 
|  48|0x0000000708600000, 0x0000000708600000, 0x0000000708800000|  0%| F|  |TAMS 0x0000000708600000, 0x0000000708600000| Untracked 
|  49|0x0000000708800000, 0x0000000708800000, 0x0000000708a00000|  0%| F|  |TAMS 0x0000000708800000, 0x0000000708800000| Untracked 
|  50|0x0000000708a00000, 0x0000000708a00000, 0x0000000708c00000|  0%| F|  |TAMS 0x0000000708a00000, 0x0000000708a00000| Untracked 
|  51|0x0000000708c00000, 0x0000000708c00000, 0x0000000708e00000|  0%| F|  |TAMS 0x0000000708c00000, 0x0000000708c00000| Untracked 
|  52|0x0000000708e00000, 0x0000000708e00000, 0x0000000709000000|  0%| F|  |TAMS 0x0000000708e00000, 0x0000000708e00000| Untracked 
|  53|0x0000000709000000, 0x0000000709000000, 0x0000000709200000|  0%| F|  |TAMS 0x0000000709000000, 0x0000000709000000| Untracked 
|  54|0x0000000709200000, 0x0000000709200000, 0x0000000709400000|  0%| F|  |TAMS 0x0000000709200000, 0x0000000709200000| Untracked 
|  55|0x0000000709400000, 0x0000000709400000, 0x0000000709600000|  0%| F|  |TAMS 0x0000000709400000, 0x0000000709400000| Untracked 
|  56|0x0000000709600000, 0x0000000709600000, 0x0000000709800000|  0%| F|  |TAMS 0x0000000709600000, 0x0000000709600000| Untracked 
|  57|0x0000000709800000, 0x0000000709800000, 0x0000000709a00000|  0%| F|  |TAMS 0x0000000709800000, 0x0000000709800000| Untracked 
|  58|0x0000000709a00000, 0x0000000709a00000, 0x0000000709c00000|  0%| F|  |TAMS 0x0000000709a00000, 0x0000000709a00000| Untracked 
|  59|0x0000000709c00000, 0x0000000709c00000, 0x0000000709e00000|  0%| F|  |TAMS 0x0000000709c00000, 0x0000000709c00000| Untracked 
|  60|0x0000000709e00000, 0x0000000709e00000, 0x000000070a000000|  0%| F|  |TAMS 0x0000000709e00000, 0x0000000709e00000| Untracked 
|  61|0x000000070a000000, 0x000000070a000000, 0x000000070a200000|  0%| F|  |TAMS 0x000000070a000000, 0x000000070a000000| Untracked 
|  62|0x000000070a200000, 0x000000070a200000, 0x000000070a400000|  0%| F|  |TAMS 0x000000070a200000, 0x000000070a200000| Untracked 
|  63|0x000000070a400000, 0x000000070a400000, 0x000000070a600000|  0%| F|  |TAMS 0x000000070a400000, 0x000000070a400000| Untracked 
|  64|0x000000070a600000, 0x000000070a600000, 0x000000070a800000|  0%| F|  |TAMS 0x000000070a600000, 0x000000070a600000| Untracked 
|  65|0x000000070a800000, 0x000000070a800000, 0x000000070aa00000|  0%| F|  |TAMS 0x000000070a800000, 0x000000070a800000| Untracked 
|  66|0x000000070aa00000, 0x000000070aa00000, 0x000000070ac00000|  0%| F|  |TAMS 0x000000070aa00000, 0x000000070aa00000| Untracked 
|  67|0x000000070ac00000, 0x000000070ac00000, 0x000000070ae00000|  0%| F|  |TAMS 0x000000070ac00000, 0x000000070ac00000| Untracked 
|  68|0x000000070ae00000, 0x000000070ae00000, 0x000000070b000000|  0%| F|  |TAMS 0x000000070ae00000, 0x000000070ae00000| Untracked 
|  69|0x000000070b000000, 0x000000070b000000, 0x000000070b200000|  0%| F|  |TAMS 0x000000070b000000, 0x000000070b000000| Untracked 
|  70|0x000000070b200000, 0x000000070b200000, 0x000000070b400000|  0%| F|  |TAMS 0x000000070b200000, 0x000000070b200000| Untracked 
|  71|0x000000070b400000, 0x000000070b400000, 0x000000070b600000|  0%| F|  |TAMS 0x000000070b400000, 0x000000070b400000| Untracked 
|  72|0x000000070b600000, 0x000000070b600000, 0x000000070b800000|  0%| F|  |TAMS 0x000000070b600000, 0x000000070b600000| Untracked 
|  73|0x000000070b800000, 0x000000070b800000, 0x000000070ba00000|  0%| F|  |TAMS 0x000000070b800000, 0x000000070b800000| Untracked 
|  74|0x000000070ba00000, 0x000000070ba00000, 0x000000070bc00000|  0%| F|  |TAMS 0x000000070ba00000, 0x000000070ba00000| Untracked 
|  75|0x000000070bc00000, 0x000000070bc00000, 0x000000070be00000|  0%| F|  |TAMS 0x000000070bc00000, 0x000000070bc00000| Untracked 
|  76|0x000000070be00000, 0x000000070be00000, 0x000000070c000000|  0%| F|  |TAMS 0x000000070be00000, 0x000000070be00000| Untracked 
|  77|0x000000070c000000, 0x000000070c000000, 0x000000070c200000|  0%| F|  |TAMS 0x000000070c000000, 0x000000070c000000| Untracked 
|  78|0x000000070c200000, 0x000000070c200000, 0x000000070c400000|  0%| F|  |TAMS 0x000000070c200000, 0x000000070c200000| Untracked 
|  79|0x000000070c400000, 0x000000070c400000, 0x000000070c600000|  0%| F|  |TAMS 0x000000070c400000, 0x000000070c400000| Untracked 
|  80|0x000000070c600000, 0x000000070c600000, 0x000000070c800000|  0%| F|  |TAMS 0x000000070c600000, 0x000000070c600000| Untracked 
|  81|0x000000070c800000, 0x000000070c800000, 0x000000070ca00000|  0%| F|  |TAMS 0x000000070c800000, 0x000000070c800000| Untracked 
|  82|0x000000070ca00000, 0x000000070ca00000, 0x000000070cc00000|  0%| F|  |TAMS 0x000000070ca00000, 0x000000070ca00000| Untracked 
|  83|0x000000070cc00000, 0x000000070cc00000, 0x000000070ce00000|  0%| F|  |TAMS 0x000000070cc00000, 0x000000070cc00000| Untracked 
|  84|0x000000070ce00000, 0x000000070ce00000, 0x000000070d000000|  0%| F|  |TAMS 0x000000070ce00000, 0x000000070ce00000| Untracked 
|  85|0x000000070d000000, 0x000000070d000000, 0x000000070d200000|  0%| F|  |TAMS 0x000000070d000000, 0x000000070d000000| Untracked 
|  86|0x000000070d200000, 0x000000070d200000, 0x000000070d400000|  0%| F|  |TAMS 0x000000070d200000, 0x000000070d200000| Untracked 
|  87|0x000000070d400000, 0x000000070d400000, 0x000000070d600000|  0%| F|  |TAMS 0x000000070d400000, 0x000000070d400000| Untracked 
|  88|0x000000070d600000, 0x000000070d600000, 0x000000070d800000|  0%| F|  |TAMS 0x000000070d600000, 0x000000070d600000| Untracked 
|  89|0x000000070d800000, 0x000000070d800000, 0x000000070da00000|  0%| F|  |TAMS 0x000000070d800000, 0x000000070d800000| Untracked 
|  90|0x000000070da00000, 0x000000070da00000, 0x000000070dc00000|  0%| F|  |TAMS 0x000000070da00000, 0x000000070da00000| Untracked 
|  91|0x000000070dc00000, 0x000000070dc00000, 0x000000070de00000|  0%| F|  |TAMS 0x000000070dc00000, 0x000000070dc00000| Untracked 
|  92|0x000000070de00000, 0x000000070de00000, 0x000000070e000000|  0%| F|  |TAMS 0x000000070de00000, 0x000000070de00000| Untracked 
|  93|0x000000070e000000, 0x000000070e000000, 0x000000070e200000|  0%| F|  |TAMS 0x000000070e000000, 0x000000070e000000| Untracked 
|  94|0x000000070e200000, 0x000000070e200000, 0x000000070e400000|  0%| F|  |TAMS 0x000000070e200000, 0x000000070e200000| Untracked 
|  95|0x000000070e400000, 0x000000070e400000, 0x000000070e600000|  0%| F|  |TAMS 0x000000070e400000, 0x000000070e400000| Untracked 
|  96|0x000000070e600000, 0x000000070e600000, 0x000000070e800000|  0%| F|  |TAMS 0x000000070e600000, 0x000000070e600000| Untracked 
|  97|0x000000070e800000, 0x000000070e800000, 0x000000070ea00000|  0%| F|  |TAMS 0x000000070e800000, 0x000000070e800000| Untracked 
|  98|0x000000070ea00000, 0x000000070ea00000, 0x000000070ec00000|  0%| F|  |TAMS 0x000000070ea00000, 0x000000070ea00000| Untracked 
|  99|0x000000070ec00000, 0x000000070ec00000, 0x000000070ee00000|  0%| F|  |TAMS 0x000000070ec00000, 0x000000070ec00000| Untracked 
| 100|0x000000070ee00000, 0x000000070ee00000, 0x000000070f000000|  0%| F|  |TAMS 0x000000070ee00000, 0x000000070ee00000| Untracked 
| 101|0x000000070f000000, 0x000000070f000000, 0x000000070f200000|  0%| F|  |TAMS 0x000000070f000000, 0x000000070f000000| Untracked 
| 102|0x000000070f200000, 0x000000070f200000, 0x000000070f400000|  0%| F|  |TAMS 0x000000070f200000, 0x000000070f200000| Untracked 
| 103|0x000000070f400000, 0x000000070f400000, 0x000000070f600000|  0%| F|  |TAMS 0x000000070f400000, 0x000000070f400000| Untracked 
| 104|0x000000070f600000, 0x000000070f600000, 0x000000070f800000|  0%| F|  |TAMS 0x000000070f600000, 0x000000070f600000| Untracked 
| 105|0x000000070f800000, 0x000000070f800000, 0x000000070fa00000|  0%| F|  |TAMS 0x000000070f800000, 0x000000070f800000| Untracked 
| 106|0x000000070fa00000, 0x000000070fa00000, 0x000000070fc00000|  0%| F|  |TAMS 0x000000070fa00000, 0x000000070fa00000| Untracked 
| 107|0x000000070fc00000, 0x000000070fc00000, 0x000000070fe00000|  0%| F|  |TAMS 0x000000070fc00000, 0x000000070fc00000| Untracked 
| 108|0x000000070fe00000, 0x000000070fe00000, 0x0000000710000000|  0%| F|  |TAMS 0x000000070fe00000, 0x000000070fe00000| Untracked 
| 109|0x0000000710000000, 0x0000000710000000, 0x0000000710200000|  0%| F|  |TAMS 0x0000000710000000, 0x0000000710000000| Untracked 
| 110|0x0000000710200000, 0x0000000710200000, 0x0000000710400000|  0%| F|  |TAMS 0x0000000710200000, 0x0000000710200000| Untracked 
| 111|0x0000000710400000, 0x0000000710400000, 0x0000000710600000|  0%| F|  |TAMS 0x0000000710400000, 0x0000000710400000| Untracked 
| 112|0x0000000710600000, 0x0000000710600000, 0x0000000710800000|  0%| F|  |TAMS 0x0000000710600000, 0x0000000710600000| Untracked 
| 113|0x0000000710800000, 0x0000000710800000, 0x0000000710a00000|  0%| F|  |TAMS 0x0000000710800000, 0x0000000710800000| Untracked 
| 114|0x0000000710a00000, 0x0000000710a00000, 0x0000000710c00000|  0%| F|  |TAMS 0x0000000710a00000, 0x0000000710a00000| Untracked 
| 115|0x0000000710c00000, 0x0000000710c00000, 0x0000000710e00000|  0%| F|  |TAMS 0x0000000710c00000, 0x0000000710c00000| Untracked 
| 116|0x0000000710e00000, 0x0000000710e00000, 0x0000000711000000|  0%| F|  |TAMS 0x0000000710e00000, 0x0000000710e00000| Untracked 
| 117|0x0000000711000000, 0x0000000711000000, 0x0000000711200000|  0%| F|  |TAMS 0x0000000711000000, 0x0000000711000000| Untracked 
| 118|0x0000000711200000, 0x0000000711200000, 0x0000000711400000|  0%| F|  |TAMS 0x0000000711200000, 0x0000000711200000| Untracked 
| 119|0x0000000711400000, 0x0000000711400000, 0x0000000711600000|  0%| F|  |TAMS 0x0000000711400000, 0x0000000711400000| Untracked 
| 120|0x0000000711600000, 0x0000000711600000, 0x0000000711800000|  0%| F|  |TAMS 0x0000000711600000, 0x0000000711600000| Untracked 
| 121|0x0000000711800000, 0x0000000711800000, 0x0000000711a00000|  0%| F|  |TAMS 0x0000000711800000, 0x0000000711800000| Untracked 
| 122|0x0000000711a00000, 0x0000000711a00000, 0x0000000711c00000|  0%| F|  |TAMS 0x0000000711a00000, 0x0000000711a00000| Untracked 
| 123|0x0000000711c00000, 0x0000000711dc66b0, 0x0000000711e00000| 88%| E|  |TAMS 0x0000000711c00000, 0x0000000711c00000| Complete 
| 124|0x0000000711e00000, 0x0000000712000000, 0x0000000712000000|100%| E|CS|TAMS 0x0000000711e00000, 0x0000000711e00000| Complete 
| 125|0x0000000712000000, 0x0000000712200000, 0x0000000712200000|100%| E|CS|TAMS 0x0000000712000000, 0x0000000712000000| Complete 
| 126|0x0000000712200000, 0x0000000712400000, 0x0000000712400000|100%| E|CS|TAMS 0x0000000712200000, 0x0000000712200000| Complete 

Card table byte_map: [0x000002614c8c0000,0x000002614d0b0000] _byte_map_base: 0x00000261490ad000

Marking Bits (Prev, Next): (CMBitMap*) 0x000002613969a950, (CMBitMap*) 0x000002613969a990
 Prev Bits: [0x000002614d8a0000, 0x0000026151808000)
 Next Bits: [0x0000026151810000, 0x0000026155778000)

Polling page: 0x00000261375c0000

Metaspace:

Usage:
  Non-class:     11.16 MB used.
      Class:      1.21 MB used.
       Both:     12.38 MB used.

Virtual space:
  Non-class space:       64.00 MB reserved,      11.19 MB ( 17%) committed,  1 nodes.
      Class space:        1.00 GB reserved,       1.25 MB ( <1%) committed,  1 nodes.
             Both:        1.06 GB reserved,      12.44 MB (  1%) committed. 

Chunk freelists:
   Non-Class:  4.31 MB
       Class:  14.70 MB
        Both:  19.01 MB

MaxMetaspaceSize: unlimited
CompressedClassSpaceSize: 1.00 GB
Initial GC threshold: 21.00 MB
Current GC threshold: 21.00 MB
CDS: off
MetaspaceReclaimPolicy: balanced
 - commit_granule_bytes: 65536.
 - commit_granule_words: 8192.
 - virtual_space_node_default_size: 8388608.
 - enlarge_chunks_in_place: 1.
 - new_chunks_are_fully_committed: 0.
 - uncommit_free_chunks: 1.
 - use_allocation_guard: 0.
 - handle_deallocations: 1.


Internal statistics:

num_allocs_failed_limit: 0.
num_arena_births: 58.
num_arena_deaths: 0.
num_vsnodes_births: 2.
num_vsnodes_deaths: 0.
num_space_committed: 199.
num_space_uncommitted: 0.
num_chunks_returned_to_freelist: 0.
num_chunks_taken_from_freelist: 126.
num_chunk_merges: 0.
num_chunk_splits: 69.
num_chunks_enlarged: 42.
num_inconsistent_stats: 0.

CodeHeap 'non-profiled nmethods': size=120000Kb used=188Kb max_used=188Kb free=119811Kb
 bounds [0x0000026144870000, 0x0000026144ae0000, 0x000002614bda0000]
CodeHeap 'profiled nmethods': size=120000Kb used=935Kb max_used=935Kb free=119065Kb
 bounds [0x000002613cda0000, 0x000002613d010000, 0x00000261442d0000]
CodeHeap 'non-nmethods': size=5760Kb used=1167Kb max_used=1179Kb free=4592Kb
 bounds [0x00000261442d0000, 0x0000026144540000, 0x0000026144870000]
 total_blobs=1100 nmethods=641 adapters=372
 compilation: enabled
              stopped_count=0, restarted_count=0
 full_count=0

Compilation events (20 events):
Event: 1.070 Thread 0x00000261583c9670  629       3       java.lang.invoke.VarHandleGuards::guard_LII_V (137 bytes)
Event: 1.076 Thread 0x00000261583c9670 nmethod 629 0x000002613ce80410 code [0x000002613ce80860, 0x000002613ce83478]
Event: 1.076 Thread 0x00000261583c9670  630       3       java.lang.invoke.VarHandleByteArrayAsInts$ArrayHandle::set (39 bytes)
Event: 1.076 Thread 0x00000261583c9670 nmethod 630 0x000002613ce84090 code [0x000002613ce84280, 0x000002613ce847b8]
Event: 1.077 Thread 0x00000261583c9670  633   !   3       java.nio.ByteBuffer::wrap (21 bytes)
Event: 1.077 Thread 0x00000261583c9670 nmethod 633 0x000002613ce84990 code [0x000002613ce84b40, 0x000002613ce84dd8]
Event: 1.077 Thread 0x00000261583c9670  634       3       java.nio.HeapByteBuffer::<init> (23 bytes)
Event: 1.077 Thread 0x00000261583c9670 nmethod 634 0x000002613ce84f10 code [0x000002613ce850c0, 0x000002613ce85248]
Event: 1.077 Thread 0x00000261583c9670  635       3       jdk.internal.jimage.ImageLocation::getAttribute (44 bytes)
Event: 1.078 Thread 0x00000261583c9670 nmethod 635 0x000002613ce85310 code [0x000002613ce85540, 0x000002613ce85c38]
Event: 1.078 Thread 0x00000261583c9670  636       3       jdk.internal.jimage.ImageBufferCache$2::compare (13 bytes)
Event: 1.079 Thread 0x00000261583c9670 nmethod 636 0x000002613ce85f10 code [0x000002613ce86140, 0x000002613ce86b78]
Event: 1.079 Thread 0x00000261583c9670  637       3       java.util.zip.Inflater::inflate (9 bytes)
Event: 1.079 Thread 0x00000261583c9670 nmethod 637 0x000002613ce86e10 code [0x000002613ce86fc0, 0x000002613ce87128]
Event: 1.079 Thread 0x00000261583c9670  638   !   3       java.util.zip.Inflater::inflate (418 bytes)
Event: 1.081 Thread 0x00000261583c9670 nmethod 638 0x000002613ce87210 code [0x000002613ce874e0, 0x000002613ce88708]
Event: 1.081 Thread 0x00000261583c9670  639       3       java.util.zip.Inflater::ensureOpen (47 bytes)
Event: 1.082 Thread 0x00000261583c9670 nmethod 639 0x000002613ce89110 code [0x000002613ce892c0, 0x000002613ce89508]
Event: 1.082 Thread 0x00000261583c9670  641       3       java.lang.ClassLoader::getClassLoadingLock (35 bytes)
Event: 1.082 Thread 0x00000261583c9670 nmethod 641 0x000002613ce89610 code [0x000002613ce897c0, 0x000002613ce89ac8]

GC Heap History (0 events):
No events

Dll operation events (1 events):
Event: 0.021 Loaded shared library C:\Users\hp\AppData\Local\JetBrains\IntelliJ IDEA 2023.3.2\jbr\bin\java.dll

Deoptimization events (14 events):
Event: 0.839 Thread 0x000002613962e7a0 Uncommon trap: trap_request=0xffffff45 fr.pc=0x0000026144877f00 relative=0x0000000000000080
Event: 0.839 Thread 0x000002613962e7a0 Uncommon trap: reason=unstable_if action=reinterpret pc=0x0000026144877f00 method=java.lang.String.isLatin1()Z @ 10 c2
Event: 0.839 Thread 0x000002613962e7a0 DEOPT PACKING pc=0x0000026144877f00 sp=0x000000f02e8fdab0
Event: 0.839 Thread 0x000002613962e7a0 DEOPT UNPACKING pc=0x00000261443269a3 sp=0x000000f02e8fd9f0 mode 2
Event: 0.839 Thread 0x000002613962e7a0 Uncommon trap: trap_request=0xffffff45 fr.pc=0x0000026144874c5c relative=0x000000000000005c
Event: 0.839 Thread 0x000002613962e7a0 Uncommon trap: reason=unstable_if action=reinterpret pc=0x0000026144874c5c method=java.lang.String.isLatin1()Z @ 10 c2
Event: 0.839 Thread 0x000002613962e7a0 DEOPT PACKING pc=0x0000026144874c5c sp=0x000000f02e8fda60
Event: 0.839 Thread 0x000002613962e7a0 DEOPT UNPACKING pc=0x00000261443269a3 sp=0x000000f02e8fd9f0 mode 2
Event: 0.996 Thread 0x000002613962e7a0 DEOPT PACKING pc=0x000002613cdb5de7 sp=0x000000f02e8fa7d0
Event: 0.996 Thread 0x000002613962e7a0 DEOPT UNPACKING pc=0x0000026144327143 sp=0x000000f02e8f9bf0 mode 0
Event: 1.069 Thread 0x000002613962e7a0 Uncommon trap: trap_request=0xffffff45 fr.pc=0x000002614488739c relative=0x00000000000003fc
Event: 1.069 Thread 0x000002613962e7a0 Uncommon trap: reason=unstable_if action=reinterpret pc=0x000002614488739c method=java.lang.StringLatin1.newString([BII)Ljava/lang/String; @ 1 c2
Event: 1.069 Thread 0x000002613962e7a0 DEOPT PACKING pc=0x000002614488739c sp=0x000000f02e8fe560
Event: 1.069 Thread 0x000002613962e7a0 DEOPT UNPACKING pc=0x00000261443269a3 sp=0x000000f02e8fe528 mode 2

Classes unloaded (0 events):
No events

Classes redefined (0 events):
No events

Internal exceptions (19 events):
Event: 0.611 Thread 0x000002613962e7a0 Exception <a 'sun/nio/fs/WindowsException'{0x0000000712138b60}> (0x0000000712138b60) 
thrown [s\src\hotspot\share\prims\jni.cpp, line 517]
Event: 0.653 Thread 0x000002613962e7a0 Exception <a 'java/lang/NoSuchMethodError'{0x0000000712163ea0}: 'int java.lang.invoke.DirectMethodHandle$Holder.invokeStaticInit(java.lang.Object, java.lang.Object, java.lang.Object, java.lang.Object)'> (0x0000000712163ea0) 
thrown [s\src\hotspot\share\interpreter\linkResolver.cpp, line 771]
Event: 0.656 Thread 0x000002613962e7a0 Exception <a 'java/lang/NoSuchMethodError'{0x000000071216ed68}: 'java.lang.Object java.lang.invoke.DirectMethodHandle$Holder.invokeInterface(java.lang.Object, java.lang.Object)'> (0x000000071216ed68) 
thrown [s\src\hotspot\share\interpreter\linkResolver.cpp, line 771]
Event: 0.658 Thread 0x000002613962e7a0 Exception <a 'java/lang/IncompatibleClassChangeError'{0x0000000712172688}: Found class java.lang.Object, but interface was expected> (0x0000000712172688) 
thrown [s\src\hotspot\share\interpreter\linkResolver.cpp, line 838]
Event: 0.659 Thread 0x000002613962e7a0 Exception <a 'java/lang/NoSuchMethodError'{0x0000000712175a38}: 'void java.lang.invoke.DirectMethodHandle$Holder.invokeStatic(java.lang.Object, java.lang.Object)'> (0x0000000712175a38) 
thrown [s\src\hotspot\share\interpreter\linkResolver.cpp, line 771]
Event: 0.660 Thread 0x000002613962e7a0 Exception <a 'java/lang/NoSuchMethodError'{0x0000000712179350}: 'void java.lang.invoke.DirectMethodHandle$Holder.invokeStaticInit(java.lang.Object, java.lang.Object)'> (0x0000000712179350) 
thrown [s\src\hotspot\share\interpreter\linkResolver.cpp, line 771]
Event: 0.664 Thread 0x000002613962e7a0 Exception <a 'java/lang/NoSuchMethodError'{0x000000071217fbc8}: 'int java.lang.invoke.DirectMethodHandle$Holder.invokeStaticInit(java.lang.Object, java.lang.Object)'> (0x000000071217fbc8) 
thrown [s\src\hotspot\share\interpreter\linkResolver.cpp, line 771]
Event: 0.752 Thread 0x000002613962e7a0 Exception <a 'java/lang/NoSuchMethodError'{0x0000000711e66d08}: 'java.lang.Object java.lang.invoke.DirectMethodHandle$Holder.invokeStaticInit(java.lang.Object, int, int, int, int)'> (0x0000000711e66d08) 
thrown [s\src\hotspot\share\interpreter\linkResolver.cpp, line 771]
Event: 0.842 Thread 0x000002613962e7a0 Exception <a 'java/lang/NoSuchMethodError'{0x0000000711ea9ec0}: 'java.lang.Object java.lang.invoke.DirectMethodHandle$Holder.invokeStaticInit(java.lang.Object, java.lang.Object, int, int, int, int)'> (0x0000000711ea9ec0) 
thrown [s\src\hotspot\share\interpreter\linkResolver.cpp, line 771]
Event: 0.864 Thread 0x000002613962e7a0 Exception <a 'java/lang/NoSuchMethodError'{0x0000000711f12b48}: 'java.lang.Object java.lang.invoke.DirectMethodHandle$Holder.invokeStatic(java.lang.Object, java.lang.Object, int)'> (0x0000000711f12b48) 
thrown [s\src\hotspot\share\interpreter\linkResolver.cpp, line 771]
Event: 0.864 Thread 0x000002613962e7a0 Exception <a 'java/lang/NoSuchMethodError'{0x0000000711f162c0}: 'java.lang.Object java.lang.invoke.DirectMethodHandle$Holder.invokeStaticInit(java.lang.Object, java.lang.Object, int)'> (0x0000000711f162c0) 
thrown [s\src\hotspot\share\interpreter\linkResolver.cpp, line 771]
Event: 0.866 Thread 0x000002613962e7a0 Exception <a 'java/lang/NoSuchMethodError'{0x0000000711f1c670}: 'java.lang.Object java.lang.invoke.DirectMethodHandle$Holder.newInvokeSpecial(java.lang.Object, java.lang.Object, int)'> (0x0000000711f1c670) 
thrown [s\src\hotspot\share\interpreter\linkResolver.cpp, line 771]
Event: 0.873 Thread 0x000002613962e7a0 Exception <a 'java/lang/NoSuchMethodError'{0x0000000711f2bde8}: 'int java.lang.invoke.DirectMethodHandle$Holder.invokeStaticInit(java.lang.Object, java.lang.Object, java.lang.Object)'> (0x0000000711f2bde8) 
thrown [s\src\hotspot\share\interpreter\linkResolver.cpp, line 771]
Event: 0.879 Thread 0x000002613962e7a0 Exception <a 'java/lang/NoSuchMethodError'{0x0000000711f3bfc8}: 'int java.lang.invoke.DirectMethodHandle$Holder.invokeSpecial(java.lang.Object, java.lang.Object, java.lang.Object)'> (0x0000000711f3bfc8) 
thrown [s\src\hotspot\share\interpreter\linkResolver.cpp, line 771]
Event: 0.882 Thread 0x000002613962e7a0 Exception <a 'java/lang/NoSuchMethodError'{0x0000000711f443a8}: 'int java.lang.invoke.DirectMethodHandle$Holder.invokeSpecialIFC(java.lang.Object, java.lang.Object, java.lang.Object)'> (0x0000000711f443a8) 
thrown [s\src\hotspot\share\interpreter\linkResolver.cpp, line 771]
Event: 0.939 Thread 0x000002613962e7a0 Exception <a 'java/lang/NoSuchMethodError'{0x0000000711fd0bf8}: 'java.lang.Object java.lang.invoke.DirectMethodHandle$Holder.invokeStaticInit(java.lang.Object)'> (0x0000000711fd0bf8) 
thrown [s\src\hotspot\share\interpreter\linkResolver.cpp, line 771]
Event: 0.987 Thread 0x000002613962e7a0 Exception <a 'java/lang/UnsatisfiedLinkError'{0x0000000711fe92c8}> (0x0000000711fe92c8) 
thrown [s\src\hotspot\share\prims\jvm.cpp, line 3377]
Event: 0.987 Thread 0x000002613962e7a0 Exception <a 'java/lang/UnsatisfiedLinkError'{0x0000000711fe92c8}> (0x0000000711fe92c8) 
thrown [s\src\hotspot\share\prims\jni.cpp, line 517]
Event: 0.988 Thread 0x000002613962e7a0 Exception <a 'java/lang/UnsatisfiedLinkError'{0x0000000711fe92c8}> (0x0000000711fe92c8) 
thrown [s\src\hotspot\share\oops\instanceKlass.cpp, line 1233]

VM Operations (8 events):
Event: 0.341 Executing VM operation: HandshakeAllThreads
Event: 0.341 Executing VM operation: HandshakeAllThreads done
Event: 0.370 Executing VM operation: HandshakeAllThreads
Event: 0.370 Executing VM operation: HandshakeAllThreads done
Event: 0.782 Executing VM operation: HandshakeAllThreads
Event: 0.782 Executing VM operation: HandshakeAllThreads done
Event: 0.946 Executing VM operation: HandshakeAllThreads
Event: 0.946 Executing VM operation: HandshakeAllThreads done

Events (20 events):
Event: 1.068 loading class java/nio/channels/spi/AbstractInterruptibleChannel$1
Event: 1.068 loading class sun/nio/ch/Interruptible
Event: 1.068 loading class sun/nio/ch/Interruptible done
Event: 1.068 loading class java/nio/channels/spi/AbstractInterruptibleChannel$1 done
Event: 1.072 loading class java/nio/BufferMismatch
Event: 1.072 loading class java/nio/BufferMismatch done
Event: 1.072 loading class sun/nio/ch/SourceChannelImpl
Event: 1.072 loading class java/nio/channels/Pipe$SourceChannel
Event: 1.072 loading class java/nio/channels/Pipe$SourceChannel done
Event: 1.072 loading class sun/nio/ch/SourceChannelImpl done
Event: 1.073 loading class sun/nio/ch/SinkChannelImpl
Event: 1.073 loading class java/nio/channels/Pipe$SinkChannel
Event: 1.073 loading class java/nio/channels/Pipe$SinkChannel done
Event: 1.073 loading class sun/nio/ch/SinkChannelImpl done
Event: 1.078 loading class java/util/LinkedList$Node
Event: 1.078 loading class java/util/LinkedList$Node done
Event: 1.079 Thread 0x000002615d226d50 Thread added: 0x000002615d226d50
Event: 1.081 loading class java/nio/channels/spi/AbstractSelector$1
Event: 1.082 loading class java/nio/channels/spi/AbstractSelector$1 done
Event: 1.084 loading class java/util/Formatter


Dynamic libraries:
0x00007ff72db40000 - 0x00007ff72db4a000 	C:\Users\hp\AppData\Local\JetBrains\IntelliJ IDEA 2023.3.2\jbr\bin\java.exe
0x00007ff8d9fd0000 - 0x00007ff8da1e7000 	C:\windows\SYSTEM32\ntdll.dll
0x00007ff8d9100000 - 0x00007ff8d91c4000 	C:\windows\System32\KERNEL32.DLL
0x00007ff8d7490000 - 0x00007ff8d7836000 	C:\windows\System32\KERNELBASE.dll
0x00007ff8d7340000 - 0x00007ff8d7451000 	C:\windows\System32\ucrtbase.dll
0x00007ff8d1550000 - 0x00007ff8d156b000 	C:\Users\hp\AppData\Local\JetBrains\IntelliJ IDEA 2023.3.2\jbr\bin\VCRUNTIME140.dll
0x00007ff8bb9e0000 - 0x00007ff8bb9f7000 	C:\Users\hp\AppData\Local\JetBrains\IntelliJ IDEA 2023.3.2\jbr\bin\jli.dll
0x00007ff8d93d0000 - 0x00007ff8d957e000 	C:\windows\System32\USER32.dll
0x00007ff8d7310000 - 0x00007ff8d7336000 	C:\windows\System32\win32u.dll
0x00007ff8d8fb0000 - 0x00007ff8d8fd9000 	C:\windows\System32\GDI32.dll
0x00007ff8bbff0000 - 0x00007ff8bc283000 	C:\windows\WinSxS\amd64_microsoft.windows.common-controls_6595b64144ccf1df_6.0.22621.2506_none_270c5ae97388e100\COMCTL32.dll
0x00007ff8d78b0000 - 0x00007ff8d79c8000 	C:\windows\System32\gdi32full.dll
0x00007ff8d7d40000 - 0x00007ff8d7de7000 	C:\windows\System32\msvcrt.dll
0x00007ff8d7b40000 - 0x00007ff8d7bda000 	C:\windows\System32\msvcp_win.dll
0x00007ff8d8180000 - 0x00007ff8d81b1000 	C:\windows\System32\IMM32.DLL
0x00007ff8d2730000 - 0x00007ff8d273c000 	C:\Users\hp\AppData\Local\JetBrains\IntelliJ IDEA 2023.3.2\jbr\bin\vcruntime140_1.dll
0x00007ff8d1450000 - 0x00007ff8d14dd000 	C:\Users\hp\AppData\Local\JetBrains\IntelliJ IDEA 2023.3.2\jbr\bin\msvcp140.dll
0x00007ff84a730000 - 0x00007ff84b3b2000 	C:\Users\hp\AppData\Local\JetBrains\IntelliJ IDEA 2023.3.2\jbr\bin\server\jvm.dll
0x00007ff8d9e50000 - 0x00007ff8d9f03000 	C:\windows\System32\ADVAPI32.dll
0x00007ff8d9a10000 - 0x00007ff8d9ab8000 	C:\windows\System32\sechost.dll
0x00007ff8d7460000 - 0x00007ff8d7488000 	C:\windows\System32\bcrypt.dll
0x00007ff8d8fe0000 - 0x00007ff8d90f7000 	C:\windows\System32\RPCRT4.dll
0x00007ff8d6150000 - 0x00007ff8d619d000 	C:\windows\SYSTEM32\POWRPROF.dll
0x00007ff8d26c0000 - 0x00007ff8d26c9000 	C:\windows\SYSTEM32\WSOCK32.dll
0x00007ff8d0680000 - 0x00007ff8d06b4000 	C:\windows\SYSTEM32\WINMM.dll
0x00007ff8d9f10000 - 0x00007ff8d9f81000 	C:\windows\System32\WS2_32.dll
0x00007ff8d0440000 - 0x00007ff8d044a000 	C:\windows\SYSTEM32\VERSION.dll
0x00007ff8d6130000 - 0x00007ff8d6143000 	C:\windows\SYSTEM32\UMPDC.dll
0x00007ff8d63f0000 - 0x00007ff8d6408000 	C:\windows\SYSTEM32\kernel.appcore.dll
0x00007ff8d2390000 - 0x00007ff8d239a000 	C:\Users\hp\AppData\Local\JetBrains\IntelliJ IDEA 2023.3.2\jbr\bin\jimage.dll
0x00007ff8d4af0000 - 0x00007ff8d4d23000 	C:\windows\SYSTEM32\DBGHELP.DLL
0x00007ff8d9600000 - 0x00007ff8d9989000 	C:\windows\System32\combase.dll
0x00007ff8d9d70000 - 0x00007ff8d9e47000 	C:\windows\System32\OLEAUT32.dll
0x00007ff8b74a0000 - 0x00007ff8b74d2000 	C:\windows\SYSTEM32\dbgcore.DLL
0x00007ff8d7ca0000 - 0x00007ff8d7d1a000 	C:\windows\System32\bcryptPrimitives.dll
0x00007ff8d19d0000 - 0x00007ff8d19f5000 	C:\Users\hp\AppData\Local\JetBrains\IntelliJ IDEA 2023.3.2\jbr\bin\java.dll
0x00007ff8d21e0000 - 0x00007ff8d21f8000 	C:\Users\hp\AppData\Local\JetBrains\IntelliJ IDEA 2023.3.2\jbr\bin\zip.dll
0x00007ff8d86a0000 - 0x00007ff8d8efa000 	C:\windows\System32\SHELL32.dll
0x00007ff8d5220000 - 0x00007ff8d5b16000 	C:\windows\SYSTEM32\windows.storage.dll
0x00007ff8d50e0000 - 0x00007ff8d521e000 	C:\windows\SYSTEM32\wintypes.dll
0x00007ff8d7df0000 - 0x00007ff8d7ee3000 	C:\windows\System32\SHCORE.dll
0x00007ff8d8f50000 - 0x00007ff8d8fae000 	C:\windows\System32\shlwapi.dll
0x00007ff8d7240000 - 0x00007ff8d7266000 	C:\windows\SYSTEM32\profapi.dll
0x00007ff8d1a30000 - 0x00007ff8d1a49000 	C:\Users\hp\AppData\Local\JetBrains\IntelliJ IDEA 2023.3.2\jbr\bin\net.dll
0x00007ff8d08b0000 - 0x00007ff8d09e7000 	C:\windows\SYSTEM32\WINHTTP.dll
0x00007ff8d6890000 - 0x00007ff8d68f9000 	C:\windows\system32\mswsock.dll
0x00007ff8d11f0000 - 0x00007ff8d1206000 	C:\Users\hp\AppData\Local\JetBrains\IntelliJ IDEA 2023.3.2\jbr\bin\nio.dll
0x00007ff8d6b00000 - 0x00007ff8d6b1b000 	C:\windows\SYSTEM32\CRYPTSP.dll
0x00007ff8d6350000 - 0x00007ff8d6385000 	C:\windows\system32\rsaenh.dll
0x00007ff8d69a0000 - 0x00007ff8d69cc000 	C:\windows\SYSTEM32\USERENV.dll
0x00007ff8d6b20000 - 0x00007ff8d6b2c000 	C:\windows\SYSTEM32\CRYPTBASE.dll
0x00007ff8d5e30000 - 0x00007ff8d5e5d000 	C:\windows\SYSTEM32\IPHLPAPI.DLL
0x00007ff8d9bc0000 - 0x00007ff8d9bc9000 	C:\windows\System32\NSI.dll
0x00007ff8d0660000 - 0x00007ff8d0679000 	C:\windows\SYSTEM32\dhcpcsvc6.DLL
0x00007ff8d0640000 - 0x00007ff8d065f000 	C:\windows\SYSTEM32\dhcpcsvc.DLL
0x00007ff8d5e60000 - 0x00007ff8d5f59000 	C:\windows\SYSTEM32\DNSAPI.dll
0x00007ff8bb4a0000 - 0x00007ff8bb4a8000 	C:\windows\system32\wshunix.dll

dbghelp: loaded successfully - version: 4.0.5 - missing functions: none
symbol engine: initialized successfully - sym options: 0x614 - pdb path: .;C:\Users\hp\AppData\Local\JetBrains\IntelliJ IDEA 2023.3.2\jbr\bin;C:\windows\SYSTEM32;C:\windows\WinSxS\amd64_microsoft.windows.common-controls_6595b64144ccf1df_6.0.22621.2506_none_270c5ae97388e100;C:\Users\hp\AppData\Local\JetBrains\IntelliJ IDEA 2023.3.2\jbr\bin\server

VM Arguments:
java_command: git4idea.http.GitAskPassApp Password for 'https://adnanelhayani@github.com': 
java_class_path (initial): C:/Users/hp/AppData/Local/JetBrains/IntelliJ IDEA 2023.3.2/plugins/vcs-git/lib/git4idea-rt.jar;C:/Users/hp/AppData/Local/JetBrains/IntelliJ IDEA 2023.3.2/lib/externalProcess-rt.jar
Launcher Type: SUN_STANDARD

[Global flags]
     intx CICompilerCount                          = 4                                         {product} {ergonomic}
     uint ConcGCThreads                            = 2                                         {product} {ergonomic}
     uint G1ConcRefinementThreads                  = 8                                         {product} {ergonomic}
   size_t G1HeapRegionSize                         = 2097152                                   {product} {ergonomic}
    uintx GCDrainStackTargetSize                   = 64                                        {product} {ergonomic}
   size_t InitialHeapSize                          = 266338304                                 {product} {ergonomic}
   size_t MarkStackSize                            = 4194304                                   {product} {ergonomic}
   size_t MaxHeapSize                              = 4255121408                                {product} {ergonomic}
   size_t MaxNewSize                               = 2552233984                                {product} {ergonomic}
   size_t MinHeapDeltaBytes                        = 2097152                                   {product} {ergonomic}
   size_t MinHeapSize                              = 8388608                                   {product} {ergonomic}
    uintx NonNMethodCodeHeapSize                   = 5839372                                {pd product} {ergonomic}
    uintx NonProfiledCodeHeapSize                  = 122909434                              {pd product} {ergonomic}
    uintx ProfiledCodeHeapSize                     = 122909434                              {pd product} {ergonomic}
    uintx ReservedCodeCacheSize                    = 251658240                              {pd product} {ergonomic}
     bool SegmentedCodeCache                       = true                                      {product} {ergonomic}
   size_t SoftMaxHeapSize                          = 4255121408                             {manageable} {ergonomic}
     bool UseCompressedClassPointers               = true                           {product lp64_product} {ergonomic}
     bool UseCompressedOops                        = true                           {product lp64_product} {ergonomic}
     bool UseG1GC                                  = true                                      {product} {ergonomic}
     bool UseLargePagesIndividualAllocation        = false                                  {pd product} {ergonomic}

Logging:
Log output configuration:
 #0: stdout all=warning uptime,level,tags
 #1: stderr all=off uptime,level,tags

Environment Variables:
JAVA_HOME=C:\Program Files\Java\jdk-17
PATH=C:\Program Files\Git\mingw64\libexec\git-core;C:\Program Files\Git\mingw64\libexec\git-core;C:\Program Files\Git\mingw64\bin;C:\Program Files\Git\usr\bin;C:\Users\hp\bin;C:\Windows\system32;C:\Windows;C:\Windows\System32\Wbem;C:\Windows\System32\WindowsPowerShell\v1.0;C:\Windows\System32\OpenSSH;C:\Program Files\dotnet;C:\Program Files\Microsoft SQL Server\Client SDK\ODBC\170\Tools\Binn;C:\Program Files (x86)\Microsoft SQL Server\150\Tools\Binn;C:\Program Files\Microsoft SQL Server\150\Tools\Binn;C:\Program Files\Microsoft SQL Server\150\DTS\Binn;C:\Program Files (x86)\Microsoft SQL Server\160\DTS\Binn;C:\Program Files\Azure Data Studio\bin;C:\Program Files (x86)\Intel\Intel(R) Management Engine Components\DAL;C:\Program Files\Intel\Intel(R) Management Engine Components\DAL;C:\Program Files\Git\cmd;C:\windows\system32;C:\windows;C:\windows\System32\Wbem;C:\windows\System32\WindowsPowerShell\v1.0;C:\windows\System32\OpenSSH;C:\Program Files\nodejs;C:\Program Files\MongoDB\Server\6.0\bin;C:\mongosh-1.8.0\bin;C:\Program Files\Docker\Docker\resources\bin;C:\Users\hp\AppData\Local\Programs\Python\Python311\Scripts;C:\Users\hp\AppData\Local\Programs\Python\Python311;C:\Program Files\swipl\bin;C:\Program Files\Java\jdk-17\bin;C:\Program Files\PuTTY;C:\Users\hp\.dotnet\tools;C:\Users\hp\AppData\Local\Programs\Microsoft VS Code\bin;C:\Program Files\Azure Data Studio\bin;C:\xampp\php;C:\Users\hp\composer;C:\Users\hp\AppData\Roaming\Composer\vendor\bin;C:\Program Files\JetBrains\IntelliJ IDEA Community Edition 2022.3.3\bin;C:\Users\hp\AppData\Local\Microsoft\WindowsApps;C:\Users\hp\AppData\Roaming\npm;C:\Program Files (x86)\WiX Toolset v3.11\bin;C:\Users\hp\AppData\Local\JetBrains\IntelliJ IDEA 2023.3.2\bin
USERNAME=adnan
DISPLAY=:0.0
LC_ALL=en_US.UTF-8
TERM=xterm-256color
TMPDIR=C:\Users\hp\AppData\Local\Temp
OS=Windows_NT
PROCESSOR_IDENTIFIER=Intel64 Family 6 Model 142 Stepping 10, GenuineIntel
TMP=C:\Users\hp\AppData\Local\Temp
TEMP=C:\Users\hp\AppData\Local\Temp



Periodic native trim disabled

JNI global refs:
JNI global refs: 20, weak refs: 0

JNI global refs memory usage: 843, weak refs: 209

OOME stack traces (most recent first):
Classloader memory used:
Loader bootstrap                                                                       : 1510K
Loader jdk.internal.loader.ClassLoaders$PlatformClassLoader                            : 73554B
Loader jdk.internal.loader.ClassLoaders$AppClassLoader                                 : 1808B


---------------  S Y S T E M  ---------------

OS:
 Windows 11 , 64 bit Build 22621 (10.0.22621.2506)
OS uptime: 4 days 18:59 hours
Hyper-V role detected

CPU: total 8 (initial active 8) (4 cores per cpu, 2 threads per core) family 6 model 142 stepping 10 microcode 0xf4, cx8, cmov, fxsr, ht, mmx, 3dnowpref, sse, sse2, sse3, ssse3, sse4.1, sse4.2, popcnt, lzcnt, tsc, tscinvbit, avx, avx2, aes, erms, clmul, bmi1, bmi2, adx, fma, vzeroupper, clflush, clflushopt, hv
Processor Information for processor 0
  Max Mhz: 1992, Current Mhz: 1792, Mhz Limit: 1792
Processor Information for processor 1
  Max Mhz: 1992, Current Mhz: 1792, Mhz Limit: 1792
Processor Information for processor 2
  Max Mhz: 1992, Current Mhz: 1792, Mhz Limit: 1792
Processor Information for processor 3
  Max Mhz: 1992, Current Mhz: 1792, Mhz Limit: 1792
Processor Information for processor 4
  Max Mhz: 1992, Current Mhz: 1792, Mhz Limit: 1792
Processor Information for processor 5
  Max Mhz: 1992, Current Mhz: 1792, Mhz Limit: 1792
Processor Information for processor 6
  Max Mhz: 1992, Current Mhz: 1494, Mhz Limit: 1792
Processor Information for processor 7
  Max Mhz: 1992, Current Mhz: 1792, Mhz Limit: 1792

Memory: 4k page, system-wide physical 16227M (4323M free)
TotalPageFile size 18275M (AvailPageFile size 6M)
current process WorkingSet (physical memory assigned to process): 55M, peak: 55M
current process commit charge ("private bytes"): 346M, peak: 348M

vm_info: OpenJDK 64-Bit Server VM (17.0.9+7-b1087.9) for windows-amd64 JRE (17.0.9+7-b1087.9), built on 2023-12-05 by "builduser" with MS VC++ 16.10 / 16.11 (VS2019)

END.
